#
# There is insufficient memory for the Java Runtime Environment to continue.
# Native memory allocation (mmap) failed to map 331350016 bytes for committing reserved memory.
# Possible reasons:
#   The system is out of physical RAM or swap space
#   In 32 bit mode, the process size limit was hit
# Possible solutions:
#   Reduce memory load on the system
#   Increase physical memory or swap space
#   Check if swap backing store is full
#   Use 64 bit Java on a 64 bit OS
#   Decrease Java heap size (-Xmx/-Xms)
#   Decrease number of Java threads
#   Decrease Java thread stack sizes (-Xss)
#   Set larger code cache with -XX:ReservedCodeCacheSize=
# This output file may be truncated or incomplete.
#
#  Out of Memory Error (os_linux.cpp:2627), pid=13557, tid=140165965088512
#
# JRE version: Java(TM) SE Runtime Environment (8.0_65-b17) (build 1.8.0_65-b17)
# Java VM: Java HotSpot(TM) 64-Bit Server VM (25.65-b01 mixed mode linux-amd64 compressed oops)
# Failed to write core dump. Core dumps have been disabled. To enable core dumping, try "ulimit -c unlimited" before starting Java again
#

---------------  T H R E A D  ---------------

Current thread (0x00007f7b14078000):  VMThread [stack: 0x00007f7aee7f0000,0x00007f7aee8f1000] [id=13568]

Stack: [0x00007f7aee7f0000,0x00007f7aee8f1000],  sp=0x00007f7aee8ef2e0,  free space=1020k
Native frames: (J=compiled Java code, j=interpreted, Vv=VM code, C=native code)
V  [libjvm.so+0xab97ea]  VMError::report_and_die()+0x2ba
V  [libjvm.so+0x4f9dcb]  report_vm_out_of_memory(char const*, int, unsigned long, VMErrorType, char const*)+0x8b
V  [libjvm.so+0x91a7c3]  os::Linux::commit_memory_impl(char*, unsigned long, bool)+0x103
V  [libjvm.so+0x91ad19]  os::pd_commit_memory(char*, unsigned long, unsigned long, bool)+0x29
V  [libjvm.so+0x91502a]  os::commit_memory(char*, unsigned long, unsigned long, bool)+0x2a
V  [libjvm.so+0x9886d3]  PSVirtualSpace::expand_by(unsigned long)+0x53
V  [libjvm.so+0x978fc0]  PSOldGen::expand(unsigned long)+0x170
V  [libjvm.so+0x9791cb]  PSOldGen::resize(unsigned long)+0x1cb
V  [libjvm.so+0x980ea1]  PSParallelCompact::invoke_no_policy(bool)+0x991
V  [libjvm.so+0x9867fd]  PSScavenge::invoke()+0x1ad
V  [libjvm.so+0x93e430]  ParallelScavengeHeap::failed_mem_allocate(unsigned long)+0x70
V  [libjvm.so+0xabb207]  VM_ParallelGCFailedAllocation::doit()+0x97
V  [libjvm.so+0xac2c35]  VM_Operation::evaluate()+0x55
V  [libjvm.so+0xac100a]  VMThread::evaluate_operation(VM_Operation*)+0xba
V  [libjvm.so+0xac138e]  VMThread::loop()+0x1ce
V  [libjvm.so+0xac1800]  VMThread::run()+0x70
V  [libjvm.so+0x91cb88]  java_start(Thread*)+0x108

VM_Operation (0x00007f7b1b2c0f30): ParallelGCFailedAllocation, mode: safepoint, requested by thread 0x00007f7b1400a000


---------------  P R O C E S S  ---------------

Java Threads: ( => current thread )
  0x00007f7b140c2000 JavaThread "Service Thread" daemon [_thread_blocked, id=13576, stack(0x00007f7aed862000,0x00007f7aed963000)]
  0x00007f7b140bd000 JavaThread "C1 CompilerThread2" daemon [_thread_blocked, id=13575, stack(0x00007f7aed963000,0x00007f7aeda64000)]
  0x00007f7b140bb000 JavaThread "C2 CompilerThread1" daemon [_thread_blocked, id=13574, stack(0x00007f7aeda64000,0x00007f7aedb65000)]
  0x00007f7b140b8000 JavaThread "C2 CompilerThread0" daemon [_thread_blocked, id=13573, stack(0x00007f7aedb65000,0x00007f7aedc66000)]
  0x00007f7b140b7000 JavaThread "Signal Dispatcher" daemon [_thread_blocked, id=13571, stack(0x00007f7aedc66000,0x00007f7aedd67000)]
  0x00007f7b1407f000 JavaThread "Finalizer" daemon [_thread_blocked, id=13570, stack(0x00007f7aee5ee000,0x00007f7aee6ef000)]
  0x00007f7b1407d000 JavaThread "Reference Handler" daemon [_thread_blocked, id=13569, stack(0x00007f7aee6ef000,0x00007f7aee7f0000)]
  0x00007f7b1400a000 JavaThread "main" [_thread_blocked, id=13559, stack(0x00007f7b1b1c2000,0x00007f7b1b2c3000)]

Other Threads:
=>0x00007f7b14078000 VMThread [stack: 0x00007f7aee7f0000,0x00007f7aee8f1000] [id=13568]
  0x00007f7b140c4800 WatcherThread [stack: 0x00007f7aed761000,0x00007f7aed862000] [id=13577]

VM state:at safepoint (normal execution)

VM Mutex/Monitor currently owned by a thread:  ([mutex/lock_event])
[0x00007f7b14005c80] ExpandHeap_lock - owner thread: 0x00007f7b14078000
[0x00007f7b14006300] Threads_lock - owner thread: 0x00007f7b14078000
[0x00007f7b14006800] Heap_lock - owner thread: 0x00007f7b1400a000

Heap:
 PSYoungGen      total 449536K, used 114675K [0x00000000d6d80000, 0x0000000100000000, 0x0000000100000000)
  eden space 224768K, 0% used [0x00000000d6d80000,0x00000000d6d80000,0x00000000e4900000)
  from space 224768K, 51% used [0x00000000f2480000,0x00000000f947cd38,0x0000000100000000)
  to   space 224768K, 0% used [0x00000000e4900000,0x00000000e4900000,0x00000000f2480000)
 ParOldGen       total 1025536K, used 1025419K [0x0000000084800000, 0x00000000c3180000, 0x00000000d6d80000)
  object space 1025536K, 99% used [0x0000000084800000,0x00000000c3162ee0,0x00000000c3180000)
 Metaspace       used 12345K, capacity 12763K, committed 12928K, reserved 1060864K
  class space    used 1247K, capacity 1349K, committed 1408K, reserved 1048576K

Card table byte_map: [0x00007f7b04863000,0x00007f7b04c40000] byte_map_base: 0x00007f7b0443f000

Marking Bits: (ParMarkBitMap*) 0x00007f7b1a695de0
 Begin Bits: [0x00007f7af4240000, 0x00007f7af6120000)
 End Bits:   [0x00007f7af6120000, 0x00007f7af8000000)

Polling page: 0x00007f7b1b2dd000

CodeCache: size=245760Kb used=9007Kb max_used=9007Kb free=236752Kb
 bounds [0x00007f7b05000000, 0x00007f7b058e0000, 0x00007f7b14000000]
 total_blobs=2575 nmethods=2226 adapters=262
 compilation: enabled

Compilation events (10 events):
Event: 22.283 Thread 0x00007f7b140bd000 2285       2       java.util.TreeSet::<init> (11 bytes)
Event: 22.283 Thread 0x00007f7b140bd000 nmethod 2285 0x00007f7b058cf290 code [0x00007f7b058cf400, 0x00007f7b058cf608]
Event: 22.285 Thread 0x00007f7b140bd000 2287       2       java.util.Collections::unmodifiableSet (9 bytes)
Event: 22.285 Thread 0x00007f7b140bd000 nmethod 2287 0x00007f7b058cf6d0 code [0x00007f7b058cf840, 0x00007f7b058cfa88]
Event: 22.285 Thread 0x00007f7b140bd000 2288       2       java.util.Collections$UnmodifiableSet::<init> (6 bytes)
Event: 22.286 Thread 0x00007f7b140bd000 nmethod 2288 0x00007f7b058cfbd0 code [0x00007f7b058cfd40, 0x00007f7b058cff48]
Event: 22.286 Thread 0x00007f7b140bd000 2290       2       edu.stanford.nlp.trees.AbstractCollinsHeadFinder::traverseLocate (387 bytes)
Event: 22.287 Thread 0x00007f7b140bd000 nmethod 2290 0x00007f7b058d0050 code [0x00007f7b058d0300, 0x00007f7b058d0cc8]
Event: 22.288 Thread 0x00007f7b140bd000 2291       2       edu.stanford.nlp.semgraph.semgrex.NodePattern::matcher (61 bytes)
Event: 22.289 Thread 0x00007f7b140bd000 nmethod 2291 0x00007f7b058d1510 code [0x00007f7b058d16a0, 0x00007f7b058d19d8]

GC Heap History (10 events):
Event: 15.004 GC heap after
Heap after GC invocations=21 (full 4):
 PSYoungGen      total 429056K, used 102911K [0x00000000d6d80000, 0x0000000100000000, 0x0000000100000000)
  eden space 204288K, 0% used [0x00000000d6d80000,0x00000000d6d80000,0x00000000e3500000)
  from space 224768K, 45% used [0x00000000e3500000,0x00000000e997fce0,0x00000000f1080000)
  to   space 224768K, 0% used [0x00000000f2480000,0x00000000f2480000,0x0000000100000000)
 ParOldGen       total 670208K, used 668621K [0x0000000084800000, 0x00000000ad680000, 0x00000000d6d80000)
  object space 670208K, 99% used [0x0000000084800000,0x00000000ad4f37c8,0x00000000ad680000)
 Metaspace       used 9638K, capacity 10094K, committed 10496K, reserved 1058816K
  class space    used 1013K, capacity 1154K, committed 1280K, reserved 1048576K
}
Event: 15.004 GC heap before
{Heap before GC invocations=22 (full 5):
 PSYoungGen      total 429056K, used 102911K [0x00000000d6d80000, 0x0000000100000000, 0x0000000100000000)
  eden space 204288K, 0% used [0x00000000d6d80000,0x00000000d6d80000,0x00000000e3500000)
  from space 224768K, 45% used [0x00000000e3500000,0x00000000e997fce0,0x00000000f1080000)
  to   space 224768K, 0% used [0x00000000f2480000,0x00000000f2480000,0x0000000100000000)
 ParOldGen       total 670208K, used 668621K [0x0000000084800000, 0x00000000ad680000, 0x00000000d6d80000)
  object space 670208K, 99% used [0x0000000084800000,0x00000000ad4f37c8,0x00000000ad680000)
 Metaspace       used 9638K, capacity 10094K, committed 10496K, reserved 1058816K
  class space    used 1013K, capacity 1154K, committed 1280K, reserved 1048576K
Event: 16.709 GC heap after
Heap after GC invocations=22 (full 5):
 PSYoungGen      total 429056K, used 47178K [0x00000000d6d80000, 0x0000000100000000, 0x0000000100000000)
  eden space 204288K, 0% used [0x00000000d6d80000,0x00000000d6d80000,0x00000000e3500000)
  from space 224768K, 20% used [0x00000000e3500000,0x00000000e6312a58,0x00000000f1080000)
  to   space 224768K, 0% used [0x00000000f2480000,0x00000000f2480000,0x0000000100000000)
 ParOldGen       total 978432K, used 669774K [0x0000000084800000, 0x00000000c0380000, 0x00000000d6d80000)
  object space 978432K, 68% used [0x0000000084800000,0x00000000ad613a98,0x00000000c0380000)
 Metaspace       used 9638K, capacity 10094K, committed 10496K, reserved 1058816K
  class space    used 1013K, capacity 1154K, committed 1280K, reserved 1048576K
}
Event: 16.965 GC heap before
{Heap before GC invocations=23 (full 5):
 PSYoungGen      total 429056K, used 251466K [0x00000000d6d80000, 0x0000000100000000, 0x0000000100000000)
  eden space 204288K, 100% used [0x00000000d6d80000,0x00000000e3500000,0x00000000e3500000)
  from space 224768K, 20% used [0x00000000e3500000,0x00000000e6312a58,0x00000000f1080000)
  to   space 224768K, 0% used [0x00000000f2480000,0x00000000f2480000,0x0000000100000000)
 ParOldGen       total 978432K, used 669774K [0x0000000084800000, 0x00000000c0380000, 0x00000000d6d80000)
  object space 978432K, 68% used [0x0000000084800000,0x00000000ad613a98,0x00000000c0380000)
 Metaspace       used 9681K, capacity 10094K, committed 10496K, reserved 1058816K
  class space    used 1014K, capacity 1154K, committed 1280K, reserved 1048576K
Event: 17.167 GC heap after
Heap after GC invocations=23 (full 5):
 PSYoungGen      total 449536K, used 84360K [0x00000000d6d80000, 0x0000000100000000, 0x0000000100000000)
  eden space 224768K, 0% used [0x00000000d6d80000,0x00000000d6d80000,0x00000000e4900000)
  from space 224768K, 37% used [0x00000000f2480000,0x00000000f76e21a0,0x0000000100000000)
  to   space 224768K, 0% used [0x00000000e4900000,0x00000000e4900000,0x00000000f2480000)
 ParOldGen       total 978432K, used 716774K [0x0000000084800000, 0x00000000c0380000, 0x00000000d6d80000)
  object space 978432K, 73% used [0x0000000084800000,0x00000000b03f9a98,0x00000000c0380000)
 Metaspace       used 9681K, capacity 10094K, committed 10496K, reserved 1058816K
  class space    used 1014K, capacity 1154K, committed 1280K, reserved 1048576K
}
Event: 17.232 GC heap before
{Heap before GC invocations=24 (full 5):
 PSYoungGen      total 449536K, used 309128K [0x00000000d6d80000, 0x0000000100000000, 0x0000000100000000)
  eden space 224768K, 100% used [0x00000000d6d80000,0x00000000e4900000,0x00000000e4900000)
  from space 224768K, 37% used [0x00000000f2480000,0x00000000f76e21a0,0x0000000100000000)
  to   space 224768K, 0% used [0x00000000e4900000,0x00000000e4900000,0x00000000f2480000)
 ParOldGen       total 978432K, used 716774K [0x0000000084800000, 0x00000000c0380000, 0x00000000d6d80000)
  object space 978432K, 73% used [0x0000000084800000,0x00000000b03f9a98,0x00000000c0380000)
 Metaspace       used 9681K, capacity 10094K, committed 10496K, reserved 1058816K
  class space    used 1014K, capacity 1154K, committed 1280K, reserved 1048576K
Event: 18.384 GC heap after
Heap after GC invocations=24 (full 5):
 PSYoungGen      total 449536K, used 223526K [0x00000000d6d80000, 0x0000000100000000, 0x0000000100000000)
  eden space 224768K, 0% used [0x00000000d6d80000,0x00000000d6d80000,0x00000000e4900000)
  from space 224768K, 99% used [0x00000000e4900000,0x00000000f2349b80,0x00000000f2480000)
  to   space 224768K, 0% used [0x00000000f2480000,0x00000000f2480000,0x0000000100000000)
 ParOldGen       total 978432K, used 801139K [0x0000000084800000, 0x00000000c0380000, 0x00000000d6d80000)
  object space 978432K, 81% used [0x0000000084800000,0x00000000b565cc98,0x00000000c0380000)
 Metaspace       used 9681K, capacity 10094K, committed 10496K, reserved 1058816K
  class space    used 1014K, capacity 1154K, committed 1280K, reserved 1048576K
}
Event: 22.290 GC heap before
{Heap before GC invocations=25 (full 5):
 PSYoungGen      total 449536K, used 448294K [0x00000000d6d80000, 0x0000000100000000, 0x0000000100000000)
  eden space 224768K, 100% used [0x00000000d6d80000,0x00000000e4900000,0x00000000e4900000)
  from space 224768K, 99% used [0x00000000e4900000,0x00000000f2349b80,0x00000000f2480000)
  to   space 224768K, 0% used [0x00000000f2480000,0x00000000f2480000,0x0000000100000000)
 ParOldGen       total 978432K, used 801139K [0x0000000084800000, 0x00000000c0380000, 0x00000000d6d80000)
  object space 978432K, 81% used [0x0000000084800000,0x00000000b565cc98,0x00000000c0380000)
 Metaspace       used 12345K, capacity 12763K, committed 12928K, reserved 1060864K
  class space    used 1247K, capacity 1349K, committed 1408K, reserved 1048576K
Event: 22.433 GC heap after
Heap after GC invocations=25 (full 5):
 PSYoungGen      total 449536K, used 127599K [0x00000000d6d80000, 0x0000000100000000, 0x0000000100000000)
  eden space 224768K, 0% used [0x00000000d6d80000,0x00000000d6d80000,0x00000000e4900000)
  from space 224768K, 56% used [0x00000000f2480000,0x00000000fa11bfe8,0x0000000100000000)
  to   space 224768K, 0% used [0x00000000e4900000,0x00000000e4900000,0x00000000f2480000)
 ParOldGen       total 1025536K, used 1024634K [0x0000000084800000, 0x00000000c3180000, 0x00000000d6d80000)
  object space 1025536K, 99% used [0x0000000084800000,0x00000000c309ebc8,0x00000000c3180000)
 Metaspace       used 12345K, capacity 12763K, committed 12928K, reserved 1060864K
  class space    used 1247K, capacity 1349K, committed 1408K, reserved 1048576K
}
Event: 22.433 GC heap before
{Heap before GC invocations=26 (full 6):
 PSYoungGen      total 449536K, used 127599K [0x00000000d6d80000, 0x0000000100000000, 0x0000000100000000)
  eden space 224768K, 0% used [0x00000000d6d80000,0x00000000d6d80000,0x00000000e4900000)
  from space 224768K, 56% used [0x00000000f2480000,0x00000000fa11bfe8,0x0000000100000000)
  to   space 224768K, 0% used [0x00000000e4900000,0x00000000e4900000,0x00000000f2480000)
 ParOldGen       total 1025536K, used 1024634K [0x0000000084800000, 0x00000000c3180000, 0x00000000d6d80000)
  object space 1025536K, 99% used [0x0000000084800000,0x00000000c309ebc8,0x00000000c3180000)
 Metaspace       used 12345K, capacity 12763K, committed 12928K, reserved 1060864K
  class space    used 1247K, capacity 1349K, committed 1408K, reserved 1048576K

Deoptimization events (10 events):
Event: 22.007 Thread 0x00007f7b1400a000 Uncommon trap: reason=unstable_if action=reinterpret pc=0x00007f7b053eb358 method=java.util.HashMap.hash(Ljava/lang/Object;)I @ 1
Event: 22.007 Thread 0x00007f7b1400a000 Uncommon trap: reason=unstable_if action=reinterpret pc=0x00007f7b0538b770 method=java.util.HashMap.values()Ljava/util/Collection; @ 6
Event: 22.009 Thread 0x00007f7b1400a000 Uncommon trap: reason=bimorphic action=maybe_recompile pc=0x00007f7b057249bc method=java.util.AbstractCollection.toArray()[Ljava/lang/Object; @ 1
Event: 22.009 Thread 0x00007f7b1400a000 Uncommon trap: reason=bimorphic action=maybe_recompile pc=0x00007f7b057249bc method=java.util.AbstractCollection.toArray()[Ljava/lang/Object; @ 1
Event: 22.009 Thread 0x00007f7b1400a000 Uncommon trap: reason=bimorphic action=maybe_recompile pc=0x00007f7b057249bc method=java.util.AbstractCollection.toArray()[Ljava/lang/Object; @ 1
Event: 22.009 Thread 0x00007f7b1400a000 Uncommon trap: reason=bimorphic action=maybe_recompile pc=0x00007f7b057249bc method=java.util.AbstractCollection.toArray()[Ljava/lang/Object; @ 1
Event: 22.079 Thread 0x00007f7b1400a000 Uncommon trap: reason=class_check action=maybe_recompile pc=0x00007f7b052d474c method=java.util.ArrayList.remove(Ljava/lang/Object;)Z @ 56
Event: 22.080 Thread 0x00007f7b1400a000 Uncommon trap: reason=class_check action=maybe_recompile pc=0x00007f7b052d474c method=java.util.ArrayList.remove(Ljava/lang/Object;)Z @ 56
Event: 22.082 Thread 0x00007f7b1400a000 Uncommon trap: reason=class_check action=maybe_recompile pc=0x00007f7b052d474c method=java.util.ArrayList.remove(Ljava/lang/Object;)Z @ 56
Event: 22.082 Thread 0x00007f7b1400a000 Uncommon trap: reason=class_check action=maybe_recompile pc=0x00007f7b052d474c method=java.util.ArrayList.remove(Ljava/lang/Object;)Z @ 56

Internal exceptions (10 events):
Event: 2.582 Thread 0x00007f7b1400a000 Implicit null exception at 0x00007f7b0539547f to 0x00007f7b0539558d
Event: 11.604 Thread 0x00007f7b1400a000 Implicit null exception at 0x00007f7b052c8f15 to 0x00007f7b052c92cd
Event: 11.634 Thread 0x00007f7b1400a000 Implicit null exception at 0x00007f7b05394e93 to 0x00007f7b05394fd1
Event: 14.494 Thread 0x00007f7b1400a000 Implicit null exception at 0x00007f7b0556502d to 0x00007f7b05565235
Event: 14.529 Thread 0x00007f7b1400a000 Implicit null exception at 0x00007f7b051ace75 to 0x00007f7b051ad1c9
Event: 14.530 Thread 0x00007f7b1400a000 Implicit null exception at 0x00007f7b051a8275 to 0x00007f7b051a85bd
Event: 21.749 Thread 0x00007f7b1400a000 Implicit null exception at 0x00007f7b05465d9c to 0x00007f7b05465e55
Event: 21.749 Thread 0x00007f7b1400a000 Implicit null exception at 0x00007f7b05216ad8 to 0x00007f7b05216b66
Event: 21.749 Thread 0x00007f7b1400a000 Implicit null exception at 0x00007f7b05264c6f to 0x00007f7b05264cd9
Event: 22.007 Thread 0x00007f7b1400a000 Implicit null exception at 0x00007f7b053eb0f4 to 0x00007f7b053eb341

Events (10 events):
Event: 22.206 loading class edu/stanford/nlp/ling/CoreAnnotations$AbbrAnnotation done
Event: 22.207 loading class edu/stanford/nlp/ling/CoreAnnotations$AbstrAnnotation
Event: 22.207 loading class edu/stanford/nlp/ling/CoreAnnotations$AbstrAnnotation done
Event: 22.207 loading class edu/stanford/nlp/ling/CoreAnnotations$FreqAnnotation
Event: 22.207 loading class edu/stanford/nlp/ling/CoreAnnotations$FreqAnnotation done
Event: 22.207 loading class edu/stanford/nlp/ling/CoreAnnotations$WebAnnotation
Event: 22.207 loading class edu/stanford/nlp/ling/CoreAnnotations$WebAnnotation done
Event: 22.280 Executing VM operation: ForceSafepoint
Event: 22.280 Executing VM operation: ForceSafepoint done
Event: 22.290 Executing VM operation: ParallelGCFailedAllocation


Dynamic libraries:
00400000-00401000 r-xp 00000000 08:06 6424435                            /usr/lib/jdk1.8.0_65/bin/java
00600000-00601000 rw-p 00000000 08:06 6424435                            /usr/lib/jdk1.8.0_65/bin/java
00645000-00666000 rw-p 00000000 00:00 0                                  [heap]
84800000-c3180000 rw-p 00000000 00:00 0 
d6d80000-100000000 rw-p 00000000 00:00 0 
100000000-100160000 rw-p 00000000 00:00 0 
100160000-140000000 ---p 00000000 00:00 0 
7f7ac8000000-7f7ac8021000 rw-p 00000000 00:00 0 
7f7ac8021000-7f7acc000000 ---p 00000000 00:00 0 
7f7acc000000-7f7acc021000 rw-p 00000000 00:00 0 
7f7acc021000-7f7ad0000000 ---p 00000000 00:00 0 
7f7ad0000000-7f7ad1028000 rw-p 00000000 00:00 0 
7f7ad1028000-7f7ad4000000 ---p 00000000 00:00 0 
7f7ad4000000-7f7ad4aa4000 rw-p 00000000 00:00 0 
7f7ad4aa4000-7f7ad8000000 ---p 00000000 00:00 0 
7f7ad8000000-7f7ad8021000 rw-p 00000000 00:00 0 
7f7ad8021000-7f7adc000000 ---p 00000000 00:00 0 
7f7adc000000-7f7adce46000 rw-p 00000000 00:00 0 
7f7adce46000-7f7ae0000000 ---p 00000000 00:00 0 
7f7ae0000000-7f7ae0021000 rw-p 00000000 00:00 0 
7f7ae0021000-7f7ae4000000 ---p 00000000 00:00 0 
7f7ae4000000-7f7ae4021000 rw-p 00000000 00:00 0 
7f7ae4021000-7f7ae8000000 ---p 00000000 00:00 0 
7f7ae8000000-7f7ae828e000 rw-p 00000000 00:00 0 
7f7ae828e000-7f7aec000000 ---p 00000000 00:00 0 
7f7aecbdb000-7f7aecbef000 r--p 00000000 08:06 10358192                   /usr/share/locale-langpack/zh_CN/LC_MESSAGES/libc.mo
7f7aecbef000-7f7aecd2f000 rw-p 00000000 00:00 0 
7f7aecd2f000-7f7aecdef000 ---p 00000000 00:00 0 
7f7aecdef000-7f7aecfef000 rw-p 00000000 00:00 0 
7f7aecfef000-7f7aed038000 r--s 00620000 08:06 6425337                    /home/lcr/workspace/ReadingComprehension/tools/stanford-corenlp-full-2015-04-20/stanford-corenlp-3.5.2.jar
7f7aed038000-7f7aed049000 r-xp 00000000 08:06 6424324                    /usr/lib/jdk1.8.0_65/jre/lib/amd64/libnio.so
7f7aed049000-7f7aed248000 ---p 00011000 08:06 6424324                    /usr/lib/jdk1.8.0_65/jre/lib/amd64/libnio.so
7f7aed248000-7f7aed249000 rw-p 00010000 08:06 6424324                    /usr/lib/jdk1.8.0_65/jre/lib/amd64/libnio.so
7f7aed249000-7f7aed54a000 rw-p 00000000 00:00 0 
7f7aed54a000-7f7aed560000 r-xp 00000000 08:06 6424297                    /usr/lib/jdk1.8.0_65/jre/lib/amd64/libnet.so
7f7aed560000-7f7aed760000 ---p 00016000 08:06 6424297                    /usr/lib/jdk1.8.0_65/jre/lib/amd64/libnet.so
7f7aed760000-7f7aed761000 rw-p 00016000 08:06 6424297                    /usr/lib/jdk1.8.0_65/jre/lib/amd64/libnet.so
7f7aed761000-7f7aed762000 ---p 00000000 00:00 0 
7f7aed762000-7f7aed862000 rw-p 00000000 00:00 0                          [stack:13577]
7f7aed862000-7f7aed865000 ---p 00000000 00:00 0 
7f7aed865000-7f7aed963000 rw-p 00000000 00:00 0                          [stack:13576]
7f7aed963000-7f7aed966000 ---p 00000000 00:00 0 
7f7aed966000-7f7aeda64000 rw-p 00000000 00:00 0                          [stack:13575]
7f7aeda64000-7f7aeda67000 ---p 00000000 00:00 0 
7f7aeda67000-7f7aedb65000 rw-p 00000000 00:00 0                          [stack:13574]
7f7aedb65000-7f7aedb68000 ---p 00000000 00:00 0 
7f7aedb68000-7f7aedc66000 rw-p 00000000 00:00 0                          [stack:13573]
7f7aedc66000-7f7aedc69000 ---p 00000000 00:00 0 
7f7aedc69000-7f7aedd67000 rw-p 00000000 00:00 0                          [stack:13571]
7f7aedd67000-7f7aee5ee000 r--p 00000000 08:06 9313161                    /usr/lib/locale/locale-archive
7f7aee5ee000-7f7aee5f1000 ---p 00000000 00:00 0 
7f7aee5f1000-7f7aee6ef000 rw-p 00000000 00:00 0                          [stack:13570]
7f7aee6ef000-7f7aee6f2000 ---p 00000000 00:00 0 
7f7aee6f2000-7f7aee7f0000 rw-p 00000000 00:00 0                          [stack:13569]
7f7aee7f0000-7f7aee7f1000 ---p 00000000 00:00 0 
7f7aee7f1000-7f7af0000000 rw-p 00000000 00:00 0                          [stack:13568]
7f7af0000000-7f7af00b0000 rw-p 00000000 00:00 0 
7f7af00b0000-7f7af4000000 ---p 00000000 00:00 0 
7f7af4001000-7f7af4026000 r--s 00282000 08:06 6425437                    /home/lcr/workspace/ReadingComprehension/tools/stanford-parser-full-2013-06-20/stanford-parser.jar
7f7af4026000-7f7af4068000 rw-p 00000000 00:00 0 
7f7af4068000-7f7af4240000 r--s 03d20000 08:06 6424342                    /usr/lib/jdk1.8.0_65/jre/lib/rt.jar
7f7af4240000-7f7af8000000 rw-p 00000000 00:00 0 
7f7af8000000-7f7af8291000 rw-p 00000000 00:00 0 
7f7af8291000-7f7afc000000 ---p 00000000 00:00 0 
7f7afc000000-7f7afc0f6000 rw-p 00000000 00:00 0 
7f7afc0f6000-7f7b00000000 ---p 00000000 00:00 0 
7f7b00000000-7f7b00221000 rw-p 00000000 00:00 0 
7f7b00221000-7f7b04000000 ---p 00000000 00:00 0 
7f7b04013000-7f7b0445f000 rw-p 00000000 00:00 0 
7f7b0445f000-7f7b04460000 ---p 00000000 00:00 0 
7f7b04460000-7f7b04560000 rw-p 00000000 00:00 0                          [stack:13566]
7f7b04560000-7f7b04561000 ---p 00000000 00:00 0 
7f7b04561000-7f7b04661000 rw-p 00000000 00:00 0                          [stack:13565]
7f7b04661000-7f7b04662000 ---p 00000000 00:00 0 
7f7b04662000-7f7b04762000 rw-p 00000000 00:00 0                          [stack:13564]
7f7b04762000-7f7b04763000 ---p 00000000 00:00 0 
7f7b04763000-7f7b04a58000 rw-p 00000000 00:00 0                          [stack:13563]
7f7b04a58000-7f7b04af5000 ---p 00000000 00:00 0 
7f7b04af5000-7f7b04c3f000 rw-p 00000000 00:00 0 
7f7b04c3f000-7f7b04c64000 rw-p 00000000 00:00 0 
7f7b04c64000-7f7b05000000 ---p 00000000 00:00 0 
7f7b05000000-7f7b058e0000 rwxp 00000000 00:00 0 
7f7b058e0000-7f7b14000000 ---p 00000000 00:00 0 
7f7b14000000-7f7b1475f000 rw-p 00000000 00:00 0 
7f7b1475f000-7f7b18000000 ---p 00000000 00:00 0 
7f7b18001000-7f7b1801d000 r--s 00393000 08:06 6424358                    /usr/lib/jdk1.8.0_65/jre/lib/ext/cldrdata.jar
7f7b1801d000-7f7b182a9000 rw-p 00000000 00:00 0 
7f7b182a9000-7f7b18347000 ---p 00000000 00:00 0 
7f7b18347000-7f7b18361000 r-xp 00000000 08:06 6424292                    /usr/lib/jdk1.8.0_65/jre/lib/amd64/libzip.so
7f7b18361000-7f7b18561000 ---p 0001a000 08:06 6424292                    /usr/lib/jdk1.8.0_65/jre/lib/amd64/libzip.so
7f7b18561000-7f7b18562000 rw-p 0001a000 08:06 6424292                    /usr/lib/jdk1.8.0_65/jre/lib/amd64/libzip.so
7f7b18562000-7f7b1856d000 r-xp 00000000 08:06 10227900                   /lib/x86_64-linux-gnu/libnss_files-2.19.so
7f7b1856d000-7f7b1876c000 ---p 0000b000 08:06 10227900                   /lib/x86_64-linux-gnu/libnss_files-2.19.so
7f7b1876c000-7f7b1876d000 r--p 0000a000 08:06 10227900                   /lib/x86_64-linux-gnu/libnss_files-2.19.so
7f7b1876d000-7f7b1876e000 rw-p 0000b000 08:06 10227900                   /lib/x86_64-linux-gnu/libnss_files-2.19.so
7f7b1876e000-7f7b18779000 r-xp 00000000 08:06 10227910                   /lib/x86_64-linux-gnu/libnss_nis-2.19.so
7f7b18779000-7f7b18978000 ---p 0000b000 08:06 10227910                   /lib/x86_64-linux-gnu/libnss_nis-2.19.so
7f7b18978000-7f7b18979000 r--p 0000a000 08:06 10227910                   /lib/x86_64-linux-gnu/libnss_nis-2.19.so
7f7b18979000-7f7b1897a000 rw-p 0000b000 08:06 10227910                   /lib/x86_64-linux-gnu/libnss_nis-2.19.so
7f7b1897a000-7f7b18991000 r-xp 00000000 08:06 10227894                   /lib/x86_64-linux-gnu/libnsl-2.19.so
7f7b18991000-7f7b18b90000 ---p 00017000 08:06 10227894                   /lib/x86_64-linux-gnu/libnsl-2.19.so
7f7b18b90000-7f7b18b91000 r--p 00016000 08:06 10227894                   /lib/x86_64-linux-gnu/libnsl-2.19.so
7f7b18b91000-7f7b18b92000 rw-p 00017000 08:06 10227894                   /lib/x86_64-linux-gnu/libnsl-2.19.so
7f7b18b92000-7f7b18b94000 rw-p 00000000 00:00 0 
7f7b18b94000-7f7b18b9d000 r-xp 00000000 08:06 10227896                   /lib/x86_64-linux-gnu/libnss_compat-2.19.so
7f7b18b9d000-7f7b18d9c000 ---p 00009000 08:06 10227896                   /lib/x86_64-linux-gnu/libnss_compat-2.19.so
7f7b18d9c000-7f7b18d9d000 r--p 00008000 08:06 10227896                   /lib/x86_64-linux-gnu/libnss_compat-2.19.so
7f7b18d9d000-7f7b18d9e000 rw-p 00009000 08:06 10227896                   /lib/x86_64-linux-gnu/libnss_compat-2.19.so
7f7b18d9e000-7f7b18dc8000 r-xp 00000000 08:06 6424270                    /usr/lib/jdk1.8.0_65/jre/lib/amd64/libjava.so
7f7b18dc8000-7f7b18fc8000 ---p 0002a000 08:06 6424270                    /usr/lib/jdk1.8.0_65/jre/lib/amd64/libjava.so
7f7b18fc8000-7f7b18fca000 rw-p 0002a000 08:06 6424270                    /usr/lib/jdk1.8.0_65/jre/lib/amd64/libjava.so
7f7b18fca000-7f7b18fd7000 r-xp 00000000 08:06 6424286                    /usr/lib/jdk1.8.0_65/jre/lib/amd64/libverify.so
7f7b18fd7000-7f7b191d7000 ---p 0000d000 08:06 6424286                    /usr/lib/jdk1.8.0_65/jre/lib/amd64/libverify.so
7f7b191d7000-7f7b191d9000 rw-p 0000d000 08:06 6424286                    /usr/lib/jdk1.8.0_65/jre/lib/amd64/libverify.so
7f7b191d9000-7f7b191e0000 r-xp 00000000 08:06 10227953                   /lib/x86_64-linux-gnu/librt-2.19.so
7f7b191e0000-7f7b193df000 ---p 00007000 08:06 10227953                   /lib/x86_64-linux-gnu/librt-2.19.so
7f7b193df000-7f7b193e0000 r--p 00006000 08:06 10227953                   /lib/x86_64-linux-gnu/librt-2.19.so
7f7b193e0000-7f7b193e1000 rw-p 00007000 08:06 10227953                   /lib/x86_64-linux-gnu/librt-2.19.so
7f7b193e1000-7f7b194e6000 r-xp 00000000 08:06 10227875                   /lib/x86_64-linux-gnu/libm-2.19.so
7f7b194e6000-7f7b196e5000 ---p 00105000 08:06 10227875                   /lib/x86_64-linux-gnu/libm-2.19.so
7f7b196e5000-7f7b196e6000 r--p 00104000 08:06 10227875                   /lib/x86_64-linux-gnu/libm-2.19.so
7f7b196e6000-7f7b196e7000 rw-p 00105000 08:06 10227875                   /lib/x86_64-linux-gnu/libm-2.19.so
7f7b196e7000-7f7b1a3a5000 r-xp 00000000 08:06 6424308                    /usr/lib/jdk1.8.0_65/jre/lib/amd64/server/libjvm.so
7f7b1a3a5000-7f7b1a5a4000 ---p 00cbe000 08:06 6424308                    /usr/lib/jdk1.8.0_65/jre/lib/amd64/server/libjvm.so
7f7b1a5a4000-7f7b1a67c000 rw-p 00cbd000 08:06 6424308                    /usr/lib/jdk1.8.0_65/jre/lib/amd64/server/libjvm.so
7f7b1a67c000-7f7b1a6c1000 rw-p 00000000 00:00 0 
7f7b1a6c1000-7f7b1a87c000 r-xp 00000000 08:06 10227825                   /lib/x86_64-linux-gnu/libc-2.19.so
7f7b1a87c000-7f7b1aa7b000 ---p 001bb000 08:06 10227825                   /lib/x86_64-linux-gnu/libc-2.19.so
7f7b1aa7b000-7f7b1aa7f000 r--p 001ba000 08:06 10227825                   /lib/x86_64-linux-gnu/libc-2.19.so
7f7b1aa7f000-7f7b1aa81000 rw-p 001be000 08:06 10227825                   /lib/x86_64-linux-gnu/libc-2.19.so
7f7b1aa81000-7f7b1aa86000 rw-p 00000000 00:00 0 
7f7b1aa86000-7f7b1aa89000 r-xp 00000000 08:06 10227842                   /lib/x86_64-linux-gnu/libdl-2.19.so
7f7b1aa89000-7f7b1ac88000 ---p 00003000 08:06 10227842                   /lib/x86_64-linux-gnu/libdl-2.19.so
7f7b1ac88000-7f7b1ac89000 r--p 00002000 08:06 10227842                   /lib/x86_64-linux-gnu/libdl-2.19.so
7f7b1ac89000-7f7b1ac8a000 rw-p 00003000 08:06 10227842                   /lib/x86_64-linux-gnu/libdl-2.19.so
7f7b1ac8a000-7f7b1ac9f000 r-xp 00000000 08:06 6423353                    /usr/lib/jdk1.8.0_65/lib/amd64/jli/libjli.so
7f7b1ac9f000-7f7b1ae9f000 ---p 00015000 08:06 6423353                    /usr/lib/jdk1.8.0_65/lib/amd64/jli/libjli.so
7f7b1ae9f000-7f7b1aea0000 rw-p 00015000 08:06 6423353                    /usr/lib/jdk1.8.0_65/lib/amd64/jli/libjli.so
7f7b1aea0000-7f7b1aeb9000 r-xp 00000000 08:06 10227945                   /lib/x86_64-linux-gnu/libpthread-2.19.so
7f7b1aeb9000-7f7b1b0b8000 ---p 00019000 08:06 10227945                   /lib/x86_64-linux-gnu/libpthread-2.19.so
7f7b1b0b8000-7f7b1b0b9000 r--p 00018000 08:06 10227945                   /lib/x86_64-linux-gnu/libpthread-2.19.so
7f7b1b0b9000-7f7b1b0ba000 rw-p 00019000 08:06 10227945                   /lib/x86_64-linux-gnu/libpthread-2.19.so
7f7b1b0ba000-7f7b1b0be000 rw-p 00000000 00:00 0 
7f7b1b0be000-7f7b1b0e1000 r-xp 00000000 08:06 10227801                   /lib/x86_64-linux-gnu/ld-2.19.so
7f7b1b0e9000-7f7b1b0ea000 rw-p 00000000 00:00 0 
7f7b1b0ea000-7f7b1b0f1000 r--s 00000000 08:06 9700400                    /usr/lib/x86_64-linux-gnu/gconv/gconv-modules.cache
7f7b1b0f1000-7f7b1b0f4000 r--s 0001c000 08:06 6555411                    /home/lcr/tools/JWS Code beta/edu.mit.jwi_2.1.4.jar
7f7b1b0f4000-7f7b1b0f7000 r--s 141bd000 08:06 6425333                    /home/lcr/workspace/ReadingComprehension/tools/stanford-corenlp-full-2015-04-20/stanford-corenlp-3.5.2-models.jar
7f7b1b0f7000-7f7b1b1c2000 rw-p 00000000 00:00 0 
7f7b1b1c2000-7f7b1b1c5000 ---p 00000000 00:00 0 
7f7b1b1c5000-7f7b1b2c7000 rw-p 00000000 00:00 0                          [stack:13559]
7f7b1b2c7000-7f7b1b2c8000 r--s 0000f000 08:06 6555412                    /home/lcr/tools/JWS Code beta/edu.sussex.nlp.jws.beta.11.jar
7f7b1b2c8000-7f7b1b2c9000 r--s 0aec3000 08:06 6425434                    /home/lcr/workspace/ReadingComprehension/tools/stanford-parser-full-2013-06-20/stanford-parser-3.2.0-models.jar
7f7b1b2c9000-7f7b1b2ca000 r--s 0000c000 08:06 6425507                    /home/lcr/workspace/ReadingComprehension/tools/libsvm-3.20/java/libsvm.jar
7f7b1b2ca000-7f7b1b2d4000 r--s 00116000 08:06 6424351                    /usr/lib/jdk1.8.0_65/jre/lib/ext/localedata.jar
7f7b1b2d4000-7f7b1b2dc000 rw-s 00000000 08:06 1835121                    /tmp/hsperfdata_lcr/13557
7f7b1b2dc000-7f7b1b2dd000 rw-p 00000000 00:00 0 
7f7b1b2dd000-7f7b1b2de000 ---p 00000000 00:00 0 
7f7b1b2de000-7f7b1b2e0000 rw-p 00000000 00:00 0 
7f7b1b2e0000-7f7b1b2e1000 r--p 00022000 08:06 10227801                   /lib/x86_64-linux-gnu/ld-2.19.so
7f7b1b2e1000-7f7b1b2e2000 rw-p 00023000 08:06 10227801                   /lib/x86_64-linux-gnu/ld-2.19.so
7f7b1b2e2000-7f7b1b2e3000 rw-p 00000000 00:00 0 
7ffdc3a2d000-7ffdc3a4e000 rw-p 00000000 00:00 0                          [stack]
7ffdc3b32000-7ffdc3b34000 r--p 00000000 00:00 0                          [vvar]
7ffdc3b34000-7ffdc3b36000 r-xp 00000000 00:00 0                          [vdso]
ffffffffff600000-ffffffffff601000 r-xp 00000000 00:00 0                  [vsyscall]

VM Arguments:
jvm_args: -Dfile.encoding=UTF-8 
java_command: QABasedonDT.demo
java_class_path (initial): /home/lcr/workspace/ReadingComprehension/bin:/home/lcr/workspace/ReadingComprehension/tools/libsvm-3.20/java/libsvm.jar:/home/lcr/workspace/ReadingComprehension/tools/stanford-corenlp-full-2015-04-20/stanford-corenlp-3.5.2.jar:/home/lcr/workspace/ReadingComprehension/tools/stanford-corenlp-full-2015-04-20/stanford-corenlp-3.5.2-models.jar:/home/lcr/workspace/ReadingComprehension/tools/stanford-parser-full-2013-06-20/stanford-parser.jar:/home/lcr/workspace/ReadingComprehension/tools/stanford-parser-full-2013-06-20/stanford-parser-3.2.0-models.jar:/home/lcr/tools/JWS Code beta/edu.sussex.nlp.jws.beta.11.jar:/home/lcr/tools/JWS Code beta/edu.mit.jwi_2.1.4.jar
Launcher Type: SUN_STANDARD

Environment Variables:
PATH=/usr/local/sbin:/usr/local/bin:/usr/sbin:/usr/bin:/sbin:/bin:/usr/games:/usr/local/games
SHELL=/bin/bash
DISPLAY=:0

Signal Handlers:
SIGSEGV: [libjvm.so+0xaba070], sa_mask[0]=11111111011111111101111111111110, sa_flags=SA_RESTART|SA_SIGINFO
SIGBUS: [libjvm.so+0xaba070], sa_mask[0]=11111111011111111101111111111110, sa_flags=SA_RESTART|SA_SIGINFO
SIGFPE: [libjvm.so+0x917630], sa_mask[0]=11111111011111111101111111111110, sa_flags=SA_RESTART|SA_SIGINFO
SIGPIPE: [libjvm.so+0x917630], sa_mask[0]=11111111011111111101111111111110, sa_flags=SA_RESTART|SA_SIGINFO
SIGXFSZ: [libjvm.so+0x917630], sa_mask[0]=11111111011111111101111111111110, sa_flags=SA_RESTART|SA_SIGINFO
SIGILL: [libjvm.so+0x917630], sa_mask[0]=11111111011111111101111111111110, sa_flags=SA_RESTART|SA_SIGINFO
SIGUSR1: SIG_DFL, sa_mask[0]=00000000000000000000000000000000, sa_flags=none
SIGUSR2: [libjvm.so+0x918c60], sa_mask[0]=00100000000000000000000000000000, sa_flags=SA_RESTART|SA_SIGINFO
SIGHUP: [libjvm.so+0x91a060], sa_mask[0]=11111111011111111101111111111110, sa_flags=SA_RESTART|SA_SIGINFO
SIGINT: [libjvm.so+0x91a060], sa_mask[0]=11111111011111111101111111111110, sa_flags=SA_RESTART|SA_SIGINFO
SIGTERM: [libjvm.so+0x91a060], sa_mask[0]=11111111011111111101111111111110, sa_flags=SA_RESTART|SA_SIGINFO
SIGQUIT: [libjvm.so+0x91a060], sa_mask[0]=11111111011111111101111111111110, sa_flags=SA_RESTART|SA_SIGINFO


---------------  S Y S T E M  ---------------

OS:DISTRIB_ID=Ubuntu
DISTRIB_RELEASE=14.04
DISTRIB_CODENAME=trusty
DISTRIB_DESCRIPTION="Ubuntu 14.04.3 LTS"

uname:Linux 3.19.0-43-generic #49~14.04.1-Ubuntu SMP Thu Dec 31 15:44:49 UTC 2015 x86_64
libc:glibc 2.19 NPTL 2.19 
rlimit: STACK 8192k, CORE 0k, NPROC 31529, NOFILE 65536, AS infinity
load average:6.08 2.38 1.89

/proc/meminfo:
MemTotal:        8092996 kB
MemFree:          150464 kB
MemAvailable:     162708 kB
Buffers:           14216 kB
Cached:           686848 kB
SwapCached:            0 kB
Active:          7159648 kB
Inactive:         603520 kB
Active(anon):    7085944 kB
Inactive(anon):   516860 kB
Active(file):      73704 kB
Inactive(file):    86660 kB
Unevictable:          32 kB
Mlocked:              32 kB
SwapTotal:             0 kB
SwapFree:              0 kB
Dirty:                88 kB
Writeback:             0 kB
AnonPages:       7062360 kB
Mapped:           310580 kB
Shmem:            540536 kB
Slab:              69288 kB
SReclaimable:      33052 kB
SUnreclaim:        36236 kB
KernelStack:       10560 kB
PageTables:        56636 kB
NFS_Unstable:          0 kB
Bounce:                0 kB
WritebackTmp:          0 kB
CommitLimit:     4046496 kB
Committed_AS:   12299556 kB
VmallocTotal:   34359738367 kB
VmallocUsed:      359040 kB
VmallocChunk:   34359307728 kB
HardwareCorrupted:     0 kB
AnonHugePages:   4251648 kB
CmaTotal:              0 kB
CmaFree:               0 kB
HugePages_Total:       0
HugePages_Free:        0
HugePages_Rsvd:        0
HugePages_Surp:        0
Hugepagesize:       2048 kB
DirectMap4k:      140220 kB
DirectMap2M:     7116800 kB
DirectMap1G:     2097152 kB


CPU:total 4 (4 cores per cpu, 1 threads per core) family 6 model 60 stepping 3, cmov, cx8, fxsr, mmx, sse, sse2, sse3, ssse3, sse4.1, sse4.2, popcnt, avx, avx2, aes, clmul, erms, lzcnt, tsc, tscinvbit, bmi1, bmi2

/proc/cpuinfo:
processor	: 0
vendor_id	: GenuineIntel
cpu family	: 6
model		: 60
model name	: Intel(R) Core(TM) i5-4590 CPU @ 3.30GHz
stepping	: 3
microcode	: 0x1d
cpu MHz		: 3578.308
cache size	: 6144 KB
physical id	: 0
siblings	: 4
core id		: 0
cpu cores	: 4
apicid		: 0
initial apicid	: 0
fpu		: yes
fpu_exception	: yes
cpuid level	: 13
wp		: yes
flags		: fpu vme de pse tsc msr pae mce cx8 apic sep mtrr pge mca cmov pat pse36 clflush dts acpi mmx fxsr sse sse2 ss ht tm pbe syscall nx pdpe1gb rdtscp lm constant_tsc arch_perfmon pebs bts rep_good nopl xtopology nonstop_tsc aperfmperf eagerfpu pni pclmulqdq dtes64 monitor ds_cpl vmx smx est tm2 ssse3 fma cx16 xtpr pdcm pcid sse4_1 sse4_2 x2apic movbe popcnt tsc_deadline_timer aes xsave avx f16c rdrand lahf_lm abm ida arat epb pln pts dtherm tpr_shadow vnmi flexpriority ept vpid fsgsbase tsc_adjust bmi1 avx2 smep bmi2 erms invpcid xsaveopt
bugs		:
bogomips	: 6584.97
clflush size	: 64
cache_alignment	: 64
address sizes	: 39 bits physical, 48 bits virtual
power management:

processor	: 1
vendor_id	: GenuineIntel
cpu family	: 6
model		: 60
model name	: Intel(R) Core(TM) i5-4590 CPU @ 3.30GHz
stepping	: 3
microcode	: 0x1d
cpu MHz		: 3539.636
cache size	: 6144 KB
physical id	: 0
siblings	: 4
core id		: 1
cpu cores	: 4
apicid		: 2
initial apicid	: 2
fpu		: yes
fpu_exception	: yes
cpuid level	: 13
wp		: yes
flags		: fpu vme de pse tsc msr pae mce cx8 apic sep mtrr pge mca cmov pat pse36 clflush dts acpi mmx fxsr sse sse2 ss ht tm pbe syscall nx pdpe1gb rdtscp lm constant_tsc arch_perfmon pebs bts rep_good nopl xtopology nonstop_tsc aperfmperf eagerfpu pni pclmulqdq dtes64 monitor ds_cpl vmx smx est tm2 ssse3 fma cx16 xtpr pdcm pcid sse4_1 sse4_2 x2apic movbe popcnt tsc_deadline_timer aes xsave avx f16c rdrand lahf_lm abm ida arat epb pln pts dtherm tpr_shadow vnmi flexpriority ept vpid fsgsbase tsc_adjust bmi1 avx2 smep bmi2 erms invpcid xsaveopt
bugs		:
bogomips	: 6584.97
clflush size	: 64
cache_alignment	: 64
address sizes	: 39 bits physical, 48 bits virtual
power management:

processor	: 2
vendor_id	: GenuineIntel
cpu family	: 6
model		: 60
model name	: Intel(R) Core(TM) i5-4590 CPU @ 3.30GHz
stepping	: 3
microcode	: 0x1d
cpu MHz		: 3681.175
cache size	: 6144 KB
physical id	: 0
siblings	: 4
core id		: 2
cpu cores	: 4
apicid		: 4
initial apicid	: 4
fpu		: yes
fpu_exception	: yes
cpuid level	: 13
wp		: yes
flags		: fpu vme de pse tsc msr pae mce cx8 apic sep mtrr pge mca cmov pat pse36 clflush dts acpi mmx fxsr sse sse2 ss ht tm pbe syscall nx pdpe1gb rdtscp lm constant_tsc arch_perfmon pebs bts rep_good nopl xtopology nonstop_tsc aperfmperf eagerfpu pni pclmulqdq dtes64 monitor ds_cpl vmx smx est tm2 ssse3 fma cx16 xtpr pdcm pcid sse4_1 sse4_2 x2apic movbe popcnt tsc_deadline_timer aes xsave avx f16c rdrand lahf_lm abm ida arat epb pln pts dtherm tpr_shadow vnmi flexpriority ept vpid fsgsbase tsc_adjust bmi1 avx2 smep bmi2 erms invpcid xsaveopt
bugs		:
bogomips	: 6584.97
clflush size	: 64
cache_alignment	: 64
address sizes	: 39 bits physical, 48 bits virtual
power management:

processor	: 3
vendor_id	: GenuineIntel
cpu family	: 6
model		: 60
model name	: Intel(R) Core(TM) i5-4590 CPU @ 3.30GHz
stepping	: 3
microcode	: 0x1d
cpu MHz		: 3679.500
cache size	: 6144 KB
physical id	: 0
siblings	: 4
core id		: 3
cpu cores	: 4
apicid		: 6
initial apicid	: 6
fpu		: yes
fpu_exception	: yes
cpuid level	: 13
wp		: yes
flags		: fpu vme de pse tsc msr pae mce cx8 apic sep mtrr pge mca cmov pat pse36 clflush dts acpi mmx fxsr sse sse2 ss ht tm pbe syscall nx pdpe1gb rdtscp lm constant_tsc arch_perfmon pebs bts rep_good nopl xtopology nonstop_tsc aperfmperf eagerfpu pni pclmulqdq dtes64 monitor ds_cpl vmx smx est tm2 ssse3 fma cx16 xtpr pdcm pcid sse4_1 sse4_2 x2apic movbe popcnt tsc_deadline_timer aes xsave avx f16c rdrand lahf_lm abm ida arat epb pln pts dtherm tpr_shadow vnmi flexpriority ept vpid fsgsbase tsc_adjust bmi1 avx2 smep bmi2 erms invpcid xsaveopt
bugs		:
bogomips	: 6584.97
clflush size	: 64
cache_alignment	: 64
address sizes	: 39 bits physical, 48 bits virtual
power management:



Memory: 4k page, physical 8092996k(150464k free), swap 0k(0k free)

vm_info: Java HotSpot(TM) 64-Bit Server VM (25.65-b01) for linux-amd64 JRE (1.8.0_65-b17), built on Oct  6 2015 17:16:12 by "java_re" with gcc 4.3.0 20080428 (Red Hat 4.3.0-8)

time: Wed Jun  8 16:12:24 2016
elapsed time: 25 seconds (0d 0h 0m 25s)

